ABM_Utilities.rsc
LongTermChoices.rsc
Accessibilities.rsc
Network Calculations.rsc
ModeDestinationAccessibilities.rsc
MandatoryTours.rsc
MandatoryStops.rsc
Utilities.rsc
MandatoryModeChoice.rsc
SchoolDropOffPickUp.rsc
ToursAndTrips.rsc
SubTours.rsc
Calibration.rsc
PatternChoice.rsc
NonMandatoryJointTours.rsc
NonMandatorySoloTours.rsc
NonMandatoryStops.rsc
TimeManager.rsc
NonresidentDistribution.rsc
HighwayAssignment.rsc
Commercial Vehicles.rsc
utils/utils.rsc
utils/RoadwayProjectManagement.rsc
utils/TransitProjectManagement.rsc
utils/FixedODAssignment.rsc
utils/mc.rsc
utils/df.rsc
utils/NestedDC.rsc
CreateScenario.rsc
PopulationSynthesis.rsc
Skimming.rsc
Visitors.rsc
Airport.rsc
TransitAssignment.rsc
Reports.rsc